# JRE version: OpenJDK Runtime Environment 18.9 (11.0.11+9) (build 11.0.11+9)
# Java VM: OpenJDK 64-Bit Server VM 18.9 (11.0.11+9, mixed mode, tiered, compressed oops, g1 gc, windows-amd64)
Heap:
 garbage-first heap   total 262144K, used 83320K [0x0000000740000000, 0x0000000800000000)
  region size 1024K, 5 young (5120K), 0 survivors (0K)
 Metaspace       used 98862K, capacity 101278K, committed 101456K, reserved 1136640K
  class space    used 12800K, capacity 13852K, committed 13908K, reserved 1048576K
GC Heap History (20 events):
Event: 100.539 GC heap before
{Heap before GC invocations=32 (full 1):
 garbage-first heap   total 262144K, used 139222K [0x0000000740000000, 0x0000000800000000)
  region size 1024K, 60 young (61440K), 6 survivors (6144K)
 Metaspace       used 97470K, capacity 99792K, committed 100048K, reserved 1136640K
  class space    used 12690K, capacity 13743K, committed 13780K, reserved 1048576K
}
Event: 100.546 GC heap after
{Heap after GC invocations=33 (full 1):
 garbage-first heap   total 262144K, used 85725K [0x0000000740000000, 0x0000000800000000)
  region size 1024K, 6 young (6144K), 6 survivors (6144K)
 Metaspace       used 97470K, capacity 99792K, committed 100048K, reserved 1136640K
  class space    used 12690K, capacity 13743K, committed 13780K, reserved 1048576K
}
Event: 100.779 GC heap before
{Heap before GC invocations=33 (full 1):
 garbage-first heap   total 262144K, used 141021K [0x0000000740000000, 0x0000000800000000)
  region size 1024K, 60 young (61440K), 6 survivors (6144K)
 Metaspace       used 97500K, capacity 99865K, committed 100048K, reserved 1136640K
  class space    used 12690K, capacity 13743K, committed 13780K, reserved 1048576K
}
Event: 100.785 GC heap after
{Heap after GC invocations=34 (full 1):
 garbage-first heap   total 262144K, used 86572K [0x0000000740000000, 0x0000000800000000)
  region size 1024K, 5 young (5120K), 5 survivors (5120K)
 Metaspace       used 97500K, capacity 99865K, committed 100048K, reserved 1136640K
  class space    used 12690K, capacity 13743K, committed 13780K, reserved 1048576K
}
Event: 101.188 GC heap before
{Heap before GC invocations=34 (full 1):
 garbage-first heap   total 262144K, used 142892K [0x0000000740000000, 0x0000000800000000)
  region size 1024K, 60 young (61440K), 5 survivors (5120K)
 Metaspace       used 97697K, capacity 100069K, committed 100304K, reserved 1136640K
  class space    used 12699K, capacity 13747K, committed 13780K, reserved 1048576K
}
Event: 101.192 GC heap after
{Heap after GC invocations=35 (full 1):
 garbage-first heap   total 262144K, used 86906K [0x0000000740000000, 0x0000000800000000)
  region size 1024K, 5 young (5120K), 5 survivors (5120K)
 Metaspace       used 97697K, capacity 100069K, committed 100304K, reserved 1136640K
  class space    used 12699K, capacity 13747K, committed 13780K, reserved 1048576K
}
Event: 101.965 GC heap before
{Heap before GC invocations=35 (full 1):
 garbage-first heap   total 262144K, used 143226K [0x0000000740000000, 0x0000000800000000)
  region size 1024K, 60 young (61440K), 5 survivors (5120K)
 Metaspace       used 97805K, capacity 100136K, committed 100304K, reserved 1136640K
  class space    used 12701K, capacity 13748K, committed 13780K, reserved 1048576K
}
Event: 101.969 GC heap after
{Heap after GC invocations=36 (full 1):
 garbage-first heap   total 262144K, used 86908K [0x0000000740000000, 0x0000000800000000)
  region size 1024K, 4 young (4096K), 4 survivors (4096K)
 Metaspace       used 97805K, capacity 100136K, committed 100304K, reserved 1136640K
  class space    used 12701K, capacity 13748K, committed 13780K, reserved 1048576K
}
Event: 102.682 GC heap before
{Heap before GC invocations=36 (full 1):
 garbage-first heap   total 262144K, used 144252K [0x0000000740000000, 0x0000000800000000)
  region size 1024K, 60 young (61440K), 4 survivors (4096K)
 Metaspace       used 97861K, capacity 100264K, committed 100304K, reserved 1136640K
  class space    used 12702K, capacity 13748K, committed 13780K, reserved 1048576K
}
Event: 102.686 GC heap after
{Heap after GC invocations=37 (full 1):
 garbage-first heap   total 262144K, used 86784K [0x0000000740000000, 0x0000000800000000)
  region size 1024K, 3 young (3072K), 3 survivors (3072K)
 Metaspace       used 97861K, capacity 100264K, committed 100304K, reserved 1136640K
  class space    used 12702K, capacity 13748K, committed 13780K, reserved 1048576K
}
Event: 104.700 GC heap before
{Heap before GC invocations=37 (full 1):
 garbage-first heap   total 262144K, used 145152K [0x0000000740000000, 0x0000000800000000)
  region size 1024K, 60 young (61440K), 3 survivors (3072K)
 Metaspace       used 97971K, capacity 100331K, committed 100560K, reserved 1136640K
  class space    used 12714K, capacity 13749K, committed 13780K, reserved 1048576K
}
Event: 104.704 GC heap after
{Heap after GC invocations=38 (full 1):
 garbage-first heap   total 262144K, used 87238K [0x0000000740000000, 0x0000000800000000)
  region size 1024K, 4 young (4096K), 4 survivors (4096K)
 Metaspace       used 97971K, capacity 100331K, committed 100560K, reserved 1136640K
  class space    used 12714K, capacity 13749K, committed 13780K, reserved 1048576K
}
Event: 120.528 GC heap before
{Heap before GC invocations=38 (full 1):
 garbage-first heap   total 262144K, used 121030K [0x0000000740000000, 0x0000000800000000)
  region size 1024K, 38 young (38912K), 4 survivors (4096K)
 Metaspace       used 98264K, capacity 100587K, committed 100816K, reserved 1136640K
  class space    used 12723K, capacity 13749K, committed 13780K, reserved 1048576K
}
Event: 120.613 GC heap after
{Heap after GC invocations=39 (full 2):
 garbage-first heap   total 262144K, used 79879K [0x0000000740000000, 0x0000000800000000)
  region size 1024K, 0 young (0K), 0 survivors (0K)
 Metaspace       used 98264K, capacity 100587K, committed 100816K, reserved 1136640K
  class space    used 12723K, capacity 13749K, committed 13780K, reserved 1048576K
}
Event: 149.689 GC heap before
{Heap before GC invocations=39 (full 2):
 garbage-first heap   total 262144K, used 141319K [0x0000000740000000, 0x0000000800000000)
  region size 1024K, 60 young (61440K), 0 survivors (0K)
 Metaspace       used 98419K, capacity 100755K, committed 100944K, reserved 1136640K
  class space    used 12741K, capacity 13784K, committed 13908K, reserved 1048576K
}
Event: 149.691 GC heap after
{Heap after GC invocations=40 (full 2):
 garbage-first heap   total 262144K, used 80616K [0x0000000740000000, 0x0000000800000000)
  region size 1024K, 1 young (1024K), 1 survivors (1024K)
 Metaspace       used 98419K, capacity 100755K, committed 100944K, reserved 1136640K
  class space    used 12741K, capacity 13784K, committed 13908K, reserved 1048576K
}
Event: 150.383 GC heap before
{Heap before GC invocations=40 (full 2):
 garbage-first heap   total 262144K, used 141032K [0x0000000740000000, 0x0000000800000000)
  region size 1024K, 60 young (61440K), 1 survivors (1024K)
 Metaspace       used 98438K, capacity 100755K, committed 100944K, reserved 1136640K
  class space    used 12741K, capacity 13784K, committed 13908K, reserved 1048576K
}
Event: 150.385 GC heap after
{Heap after GC invocations=41 (full 2):
 garbage-first heap   total 262144K, used 80306K [0x0000000740000000, 0x0000000800000000)
  region size 1024K, 1 young (1024K), 1 survivors (1024K)
 Metaspace       used 98438K, capacity 100755K, committed 100944K, reserved 1136640K
  class space    used 12741K, capacity 13784K, committed 13908K, reserved 1048576K
}
Event: 151.154 GC heap before
{Heap before GC invocations=41 (full 2):
 garbage-first heap   total 262144K, used 94642K [0x0000000740000000, 0x0000000800000000)
  region size 1024K, 16 young (16384K), 1 survivors (1024K)
 Metaspace       used 98534K, capacity 100859K, committed 101200K, reserved 1136640K
  class space    used 12763K, capacity 13819K, committed 13908K, reserved 1048576K
}
Event: 151.260 GC heap after
{Heap after GC invocations=42 (full 3):
 garbage-first heap   total 262144K, used 79224K [0x0000000740000000, 0x0000000800000000)
  region size 1024K, 0 young (0K), 0 survivors (0K)
 Metaspace       used 98534K, capacity 100859K, committed 101200K, reserved 1136640K
  class space    used 12763K, capacity 13819K, committed 13908K, reserved 1048576K
}

